TN:
SF:src/Funko/ColeccionDatos.ts
FN:4,(anonymous_0)
FN:7,(anonymous_1)
FN:10,(anonymous_2)
FN:13,(anonymous_3)
FN:14,(anonymous_4)
FNF:5
FNH:5
FNDA:3,(anonymous_0)
FNDA:2,(anonymous_1)
FNDA:2,(anonymous_2)
FNDA:1,(anonymous_3)
FNDA:1,(anonymous_4)
DA:3,1
DA:4,3
DA:5,3
DA:8,2
DA:11,2
DA:14,1
LF:6
LH:6
BRF:0
BRH:0
end_of_record
TN:
SF:src/Funko/ColeccionFunkos.ts
FN:4,(anonymous_0)
FN:14,(anonymous_1)
FN:24,(anonymous_2)
FN:35,(anonymous_3)
FN:48,(anonymous_4)
FN:49,(anonymous_5)
FN:58,(anonymous_6)
FN:68,(anonymous_7)
FNF:8
FNH:8
FNDA:7,(anonymous_0)
FNDA:4,(anonymous_1)
FNDA:2,(anonymous_2)
FNDA:2,(anonymous_3)
FNDA:1,(anonymous_4)
FNDA:1,(anonymous_5)
FNDA:3,(anonymous_6)
FNDA:1,(anonymous_7)
DA:3,1
DA:4,7
DA:5,7
DA:6,7
DA:15,4
DA:25,2
DA:26,2
DA:36,2
DA:37,1
DA:39,1
DA:49,1
DA:50,1
DA:59,3
DA:69,1
LF:14
LH:14
BRDA:36,0,0,1
BRDA:36,0,1,1
BRDA:36,1,0,2
BRDA:36,1,1,1
BRF:4
BRH:4
end_of_record
TN:
SF:src/Funko/Funko.ts
FN:4,(anonymous_0)
FN:17,(anonymous_1)
FN:53,(anonymous_2)
FN:86,(anonymous_3)
FN:93,(anonymous_4)
FN:100,(anonymous_5)
FN:107,(anonymous_6)
FN:114,(anonymous_7)
FN:121,(anonymous_8)
FN:128,(anonymous_9)
FN:135,(anonymous_10)
FN:142,(anonymous_11)
FN:150,(anonymous_12)
FN:158,(anonymous_13)
FN:165,(anonymous_14)
FN:173,(anonymous_15)
FN:181,(anonymous_16)
FN:189,(anonymous_17)
FN:197,(anonymous_18)
FN:205,(anonymous_19)
FN:213,(anonymous_20)
FN:221,(anonymous_21)
FN:229,(anonymous_22)
FNF:23
FNH:23
FNDA:1,(anonymous_0)
FNDA:1,(anonymous_1)
FNDA:9,(anonymous_2)
FNDA:3,(anonymous_3)
FNDA:2,(anonymous_4)
FNDA:2,(anonymous_5)
FNDA:2,(anonymous_6)
FNDA:2,(anonymous_7)
FNDA:2,(anonymous_8)
FNDA:2,(anonymous_9)
FNDA:2,(anonymous_10)
FNDA:2,(anonymous_11)
FNDA:2,(anonymous_12)
FNDA:1,(anonymous_13)
FNDA:1,(anonymous_14)
FNDA:1,(anonymous_15)
FNDA:1,(anonymous_16)
FNDA:1,(anonymous_17)
FNDA:1,(anonymous_18)
FNDA:1,(anonymous_19)
FNDA:1,(anonymous_20)
FNDA:1,(anonymous_21)
FNDA:1,(anonymous_22)
DA:4,1
DA:5,1
DA:6,1
DA:7,1
DA:8,1
DA:9,1
DA:10,1
DA:11,1
DA:17,1
DA:18,1
DA:19,1
DA:20,1
DA:21,1
DA:22,1
DA:46,1
DA:47,1
DA:48,1
DA:49,1
DA:55,9
DA:56,9
DA:57,9
DA:58,9
DA:61,9
DA:62,9
DA:63,9
DA:65,9
DA:66,1
DA:69,8
DA:70,1
DA:72,7
DA:73,1
DA:75,6
DA:76,6
DA:77,6
DA:78,6
DA:79,6
DA:80,6
DA:87,3
DA:94,2
DA:101,2
DA:108,2
DA:115,2
DA:122,2
DA:129,2
DA:136,2
DA:143,2
DA:151,2
DA:159,1
DA:166,1
DA:174,1
DA:182,1
DA:190,1
DA:198,1
DA:206,1
DA:214,1
DA:222,1
DA:230,1
LF:57
LH:57
BRDA:4,0,0,1
BRDA:4,0,1,1
BRDA:17,1,0,1
BRDA:17,1,1,1
BRDA:65,2,0,1
BRDA:65,2,1,8
BRDA:69,3,0,1
BRDA:69,3,1,7
BRDA:69,4,0,8
BRDA:69,4,1,1
BRDA:72,5,0,1
BRDA:72,5,1,6
BRF:12
BRH:12
end_of_record
TN:
SF:src/Usuario/Usuario.ts
FN:7,(anonymous_0)
FN:12,(anonymous_1)
FNF:2
FNH:2
FNDA:1,(anonymous_0)
FNDA:1,(anonymous_1)
DA:6,1
DA:7,1
DA:13,1
LF:3
LH:3
BRF:0
BRH:0
end_of_record
