TN:
SF:src/Funko/ColeccionDatos.ts
FN:4,(anonymous_0)
FN:8,(anonymous_1)
FN:11,(anonymous_2)
FN:12,(anonymous_3)
FN:15,(anonymous_4)
FN:18,(anonymous_5)
FN:19,(anonymous_6)
FNF:7
FNH:7
FNDA:1,(anonymous_0)
FNDA:3,(anonymous_1)
FNDA:1,(anonymous_2)
FNDA:1,(anonymous_3)
FNDA:1,(anonymous_4)
FNDA:1,(anonymous_5)
FNDA:2,(anonymous_6)
DA:3,1
DA:4,1
DA:6,1
DA:9,3
DA:12,1
DA:13,1
DA:16,1
DA:19,2
LF:8
LH:8
BRF:0
BRH:0
end_of_record
TN:
SF:src/Funko/ColeccionFunkos.ts
FN:4,(anonymous_0)
FN:14,(anonymous_1)
FN:24,(anonymous_2)
FN:35,(anonymous_3)
FN:36,(anonymous_4)
FN:53,(anonymous_5)
FN:54,(anonymous_6)
FN:63,(anonymous_7)
FN:73,(anonymous_8)
FNF:9
FNH:9
FNDA:2,(anonymous_0)
FNDA:3,(anonymous_1)
FNDA:1,(anonymous_2)
FNDA:1,(anonymous_3)
FNDA:3,(anonymous_4)
FNDA:1,(anonymous_5)
FNDA:1,(anonymous_6)
FNDA:5,(anonymous_7)
FNDA:1,(anonymous_8)
DA:3,1
DA:4,2
DA:5,2
DA:6,2
DA:15,3
DA:25,1
DA:26,1
DA:36,3
DA:37,1
DA:38,1
DA:39,1
DA:42,0
DA:54,1
DA:55,1
DA:64,5
DA:74,1
LF:16
LH:15
BRDA:37,0,0,1
BRDA:37,0,1,0
BRF:2
BRH:1
end_of_record
TN:
SF:src/Funko/Funko.ts
FN:7,(anonymous_1)
FN:20,(anonymous_2)
FN:64,(anonymous_3)
FN:114,(anonymous_4)
FN:121,(anonymous_5)
FN:128,(anonymous_6)
FN:135,(anonymous_7)
FN:142,(anonymous_8)
FN:149,(anonymous_9)
FN:156,(anonymous_10)
FN:163,(anonymous_11)
FN:170,(anonymous_12)
FN:178,(anonymous_13)
FN:186,(anonymous_14)
FN:193,(anonymous_15)
FN:201,(anonymous_16)
FN:209,(anonymous_17)
FN:217,(anonymous_18)
FN:225,(anonymous_19)
FN:233,(anonymous_20)
FN:241,(anonymous_21)
FN:249,(anonymous_22)
FN:257,(anonymous_23)
FNF:23
FNH:23
FNDA:1,(anonymous_1)
FNDA:1,(anonymous_2)
FNDA:6,(anonymous_3)
FNDA:6,(anonymous_4)
FNDA:2,(anonymous_5)
FNDA:2,(anonymous_6)
FNDA:2,(anonymous_7)
FNDA:2,(anonymous_8)
FNDA:2,(anonymous_9)
FNDA:2,(anonymous_10)
FNDA:2,(anonymous_11)
FNDA:2,(anonymous_12)
FNDA:2,(anonymous_13)
FNDA:1,(anonymous_14)
FNDA:1,(anonymous_15)
FNDA:1,(anonymous_16)
FNDA:1,(anonymous_17)
FNDA:1,(anonymous_18)
FNDA:1,(anonymous_19)
FNDA:1,(anonymous_20)
FNDA:1,(anonymous_21)
FNDA:1,(anonymous_22)
FNDA:1,(anonymous_23)
DA:1,1
DA:2,1
DA:7,1
DA:8,1
DA:9,1
DA:10,1
DA:11,1
DA:12,1
DA:13,1
DA:14,1
DA:20,1
DA:21,1
DA:22,1
DA:23,1
DA:24,1
DA:25,1
DA:49,1
DA:50,1
DA:51,1
DA:52,1
DA:53,1
DA:76,6
DA:78,6
DA:79,0
DA:82,6
DA:84,1
DA:85,0
DA:88,6
DA:89,0
DA:92,0
DA:93,0
DA:96,6
DA:97,6
DA:98,6
DA:99,6
DA:100,6
DA:101,6
DA:102,6
DA:103,6
DA:104,6
DA:105,6
DA:106,6
DA:107,6
DA:108,6
DA:115,6
DA:122,2
DA:129,2
DA:136,2
DA:143,2
DA:150,2
DA:157,2
DA:164,2
DA:171,2
DA:179,2
DA:187,1
DA:194,1
DA:202,1
DA:210,1
DA:218,1
DA:226,1
DA:234,1
DA:242,1
DA:250,1
DA:258,1
LF:64
LH:59
BRDA:7,0,0,1
BRDA:7,0,1,1
BRDA:20,1,0,1
BRDA:20,1,1,1
BRDA:78,2,0,0
BRDA:78,2,1,6
BRDA:82,3,0,1
BRDA:82,3,1,5
BRDA:82,4,0,6
BRDA:82,4,1,1
BRDA:84,5,0,0
BRDA:84,5,1,1
BRDA:84,6,0,1
BRDA:84,6,1,0
BRDA:88,7,0,0
BRDA:88,7,1,6
BRF:16
BRH:12
end_of_record
TN:
SF:src/Usuario/Usuario.ts
FN:7,(anonymous_0)
FN:12,(anonymous_1)
FNF:2
FNH:2
FNDA:2,(anonymous_0)
FNDA:4,(anonymous_1)
DA:6,1
DA:7,2
DA:13,4
LF:3
LH:3
BRF:0
BRH:0
end_of_record
